PRT1
34
87
4 0 10 (3072 -1024 256 ) (3072 -1024 3584 ) (2048 -1024 3584 ) (2048 -1024 256 ) 
4 0 2 (2048 -1024 256 ) (2048 -1024 3584 ) (2048 0 3584 ) (2048 0 256 ) 
4 0 1 (2560 -1024 256 ) (2048 -1024 256 ) (2048 -512 256 ) (2560 -512 256 ) 
4 1 11 (2560 -1024 256 ) (2048 -1024 256 ) (2048 -1024 0 ) (2560 -1024 0 ) 
4 1 3 (2048 -1024 0 ) (2048 -1024 256 ) (2048 -512 256 ) (2048 -512 0 ) 
4 2 17 (1536 -1024 3584 ) (1024 -1024 3584 ) (1024 -1024 256 ) (1536 -1024 256 ) 
4 2 14 (2048 -1024 256 ) (2048 -1024 3584 ) (1536 -1024 3584 ) (1536 -1024 256 ) 
4 2 4 (1024 -1024 256 ) (1024 -1024 3584 ) (1024 0 3584 ) (1024 0 256 ) 
4 2 3 (2048 -512 256 ) (2048 -1024 256 ) (1024 -1024 256 ) (1024 -512 256 ) 
4 3 18 (1536 -1024 256 ) (1024 -1024 256 ) (1024 -1024 0 ) (1536 -1024 0 ) 
4 3 15 (2048 -1024 0 ) (2048 -1024 256 ) (1536 -1024 256 ) (1536 -1024 0 ) 
4 3 5 (1024 -1024 0 ) (1024 -1024 256 ) (1024 -512 256 ) (1024 -512 0 ) 
4 4 19 (1024 -1024 256 ) (1024 -1024 3584 ) (896 -1024 3584 ) (896 -1024 256 ) 
4 4 7 (896 -384 256 ) (896 -512 256 ) (896 -512 3584 ) (896 -384 3584 ) 
4 4 8 (896 -512 256 ) (896 -1024 256 ) (896 -1024 3584 ) (896 -512 3584 ) 
4 4 6 (896 0 3584 ) (896 0 256 ) (896 -384 256 ) (896 -384 3584 ) 
4 4 5 (1024 -1024 256 ) (896 -1024 256 ) (896 -512 256 ) (1024 -512 256 ) 
4 5 20 (1024 -1024 0 ) (1024 -1024 256 ) (896 -1024 256 ) (896 -1024 0 ) 
4 5 8 (896 -512 0 ) (896 -1024 0 ) (896 -1024 256 ) (896 -512 256 ) 
4 6 9 (768 -384 256 ) (768 -384 3584 ) (768 0 3584 ) (768 0 256 ) 
4 6 7 (768 -384 3584 ) (768 -384 256 ) (896 -384 256 ) (896 -384 3584 ) 
4 7 9 (768 -512 160 ) (768 -512 3584 ) (768 -384 3584 ) (768 -384 160 ) 
4 7 8 (896 -512 160 ) (896 -512 3584 ) (768 -512 3584 ) (768 -512 160 ) 
4 8 20 (768 -1024 256 ) (768 -1024 0 ) (896 -1024 0 ) (896 -1024 256 ) 
4 8 19 (768 -1024 3584 ) (768 -1024 256 ) (896 -1024 256 ) (896 -1024 3584 ) 
4 8 9 (768 -512 0 ) (768 -1024 0 ) (768 -1024 3584 ) (768 -512 3584 ) 
4 9 21 (0 -1024 3584 ) (0 -1024 0 ) (352 -1024 0 ) (352 -1024 3584 ) 
4 9 20 (352 -1024 0 ) (768 -1024 0 ) (768 -1024 256 ) (352 -1024 256 ) 
4 9 19 (768 -1024 256 ) (768 -1024 3584 ) (352 -1024 3584 ) (352 -1024 256 ) 
4 10 14 (2048 -1024 3584 ) (2048 -1024 256 ) (2048 -2048 256 ) (2048 -2048 3584 ) 
4 10 12 (3072 -2048 256 ) (3072 -2048 3584 ) (2048 -2048 3584 ) (2048 -2048 256 ) 
4 10 11 (2560 -2048 256 ) (2048 -2048 256 ) (2048 -1024 256 ) (2560 -1024 256 ) 
4 11 16 (2048 -1280 0 ) (2048 -2048 0 ) (2048 -2048 256 ) (2048 -1280 256 ) 
4 11 15 (2048 -1024 256 ) (2048 -1024 0 ) (2048 -1280 0 ) (2048 -1280 256 ) 
4 11 13 (2560 -2048 256 ) (2048 -2048 256 ) (2048 -2048 0 ) (2560 -2048 0 ) 
4 12 27 (2048 -3072 256 ) (2048 -3072 3584 ) (2048 -2560 3584 ) (2048 -2560 256 ) 
4 12 24 (2048 -2560 3584 ) (2048 -2048 3584 ) (2048 -2048 256 ) (2048 -2560 256 ) 
4 12 13 (2560 -3072 256 ) (2048 -3072 256 ) (2048 -2048 256 ) (2560 -2048 256 ) 
4 13 33 (2048 -3072 -256 ) (2048 -3072 -248 ) (2048 -2560 -248 ) (2048 -2560 -256 ) 
4 13 27 (2048 -3072 -248 ) (2048 -3072 256 ) (2048 -2560 256 ) (2048 -2560 -248 ) 
4 13 26 (2048 -2048 64 ) (2048 -2048 0 ) (2048 -2560 -256 ) (2048 -2560 64 ) 
4 13 24 (2048 -2560 256 ) (2048 -2048 256 ) (2048 -2048 64 ) (2048 -2560 64 ) 
4 14 25 (1792 -2048 3584 ) (1536 -2048 3584 ) (1536 -2048 256 ) (1792 -2048 256 ) 
4 14 24 (2048 -2048 256 ) (2048 -2048 3584 ) (1792 -2048 3584 ) (1792 -2048 256 ) 
4 14 17 (1536 -1536 3584 ) (1536 -1024 3584 ) (1536 -1024 256 ) (1536 -1536 256 ) 
4 14 16 (1792 -1280 256 ) (2048 -1280 256 ) (2048 -2048 256 ) (1792 -2048 256 ) 
4 14 15 (1536 -1280 256 ) (1536 -1024 256 ) (2048 -1024 256 ) (2048 -1280 256 ) 
4 15 18 (1536 -1280 256 ) (1536 -1024 256 ) (1536 -1024 0 ) (1536 -1280 0 ) 
4 15 16 (1792 -1280 0 ) (2048 -1280 0 ) (2048 -1280 256 ) (1792 -1280 256 ) 
4 16 26 (2048 -2048 0 ) (2048 -2048 64 ) (1792 -2048 64 ) (1792 -2048 0 ) 
4 16 24 (2048 -2048 64 ) (2048 -2048 256 ) (1792 -2048 256 ) (1792 -2048 64 ) 
4 17 19 (1024 -1024 3584 ) (1024 -1024 256 ) (1024 -1536 256 ) (1024 -1536 3584 ) 
4 17 18 (1024 -1280 256 ) (1024 -1024 256 ) (1536 -1024 256 ) (1536 -1280 256 ) 
4 18 20 (1024 -1024 256 ) (1024 -1024 0 ) (1024 -1280 0 ) (1024 -1280 256 ) 
4 19 23 (352 -1536 256 ) (352 -1536 3584 ) (352 -1344 3584 ) (352 -1344 256 ) 
4 19 22 (352 -1344 3584 ) (352 -1280 3584 ) (352 -1280 256 ) (352 -1344 256 ) 
4 19 21 (352 -1280 3584 ) (352 -1024 3584 ) (352 -1024 256 ) (352 -1280 256 ) 
4 19 20 (352 -1280 256 ) (352 -1024 256 ) (1024 -1024 256 ) (1024 -1280 256 ) 
4 20 21 (352 -1024 0 ) (352 -1280 0 ) (352 -1280 256 ) (352 -1024 256 ) 
4 21 22 (352 -1280 192 ) (352 -1280 3584 ) (0 -1280 3584 ) (0 -1280 192 ) 
4 22 23 (0 -1344 3584 ) (0 -1344 248 ) (352 -1344 248 ) (352 -1344 3584 ) 
4 24 27 (1792 -2560 64 ) (2048 -2560 64 ) (2048 -2560 3584 ) (1792 -2560 3584 ) 
4 24 26 (2048 -2560 64 ) (1792 -2560 64 ) (1792 -2048 64 ) (2048 -2048 64 ) 
5 24 25 (1792 -2432 64 ) (1792 -2560 64 ) (1792 -2560 3584 ) (1792 -2048 3584 ) (1792 -2048 256 ) 
4 25 28 (1608 -2560 64 ) (1720 -2560 64 ) (1720 -2560 3584 ) (1608 -2560 3584 ) 
4 25 32 (1536 -2560 3584 ) (1536 -2560 64 ) (1608 -2560 64 ) (1608 -2560 3584 ) 
4 25 27 (1720 -2560 64 ) (1792 -2560 64 ) (1792 -2560 3584 ) (1720 -2560 3584 ) 
4 26 33 (1792 -2560 -256 ) (2048 -2560 -256 ) (2048 -2560 -248 ) (1792 -2560 -248 ) 
4 26 27 (2048 -2560 -248 ) (2048 -2560 64 ) (1792 -2560 64 ) (1792 -2560 -248 ) 
4 27 33 (2048 -3072 -248 ) (1720 -3072 -248 ) (1720 -2560 -248 ) (2048 -2560 -248 ) 
4 27 30 (1720 -2632 -248 ) (1720 -2680 -248 ) (1720 -2680 -244 ) (1720 -2632 -244 ) 
4 27 29 (1720 -2680 -244 ) (1720 -2680 3584 ) (1720 -2632 3584 ) (1720 -2632 -244 ) 
4 27 28 (1720 -2560 -248 ) (1720 -2632 -248 ) (1720 -2632 3584 ) (1720 -2560 3584 ) 
4 27 31 (1720 -2680 -248 ) (1720 -3072 -248 ) (1720 -3072 3584 ) (1720 -2680 3584 ) 
4 28 33 (1608 -2632 -248 ) (1608 -2560 -248 ) (1720 -2560 -248 ) (1720 -2632 -248 ) 
4 28 30 (1608 -2632 -244 ) (1608 -2632 -248 ) (1720 -2632 -248 ) (1720 -2632 -244 ) 
4 28 29 (1608 -2632 3584 ) (1608 -2632 -244 ) (1720 -2632 -244 ) (1720 -2632 3584 ) 
4 28 32 (1608 -2560 -248 ) (1608 -2632 -248 ) (1608 -2632 3584 ) (1608 -2560 3584 ) 
4 29 32 (1608 -2680 -244 ) (1608 -2680 3584 ) (1608 -2632 3584 ) (1608 -2632 -244 ) 
4 29 31 (1608 -2680 3584 ) (1608 -2680 -244 ) (1720 -2680 -244 ) (1720 -2680 3584 ) 
4 29 30 (1720 -2680 -244 ) (1608 -2680 -244 ) (1608 -2632 -244 ) (1720 -2632 -244 ) 
4 30 33 (1608 -2680 -248 ) (1608 -2632 -248 ) (1720 -2632 -248 ) (1720 -2680 -248 ) 
4 30 32 (1608 -2632 -248 ) (1608 -2680 -248 ) (1608 -2680 -244 ) (1608 -2632 -244 ) 
4 30 31 (1608 -2680 -244 ) (1608 -2680 -248 ) (1720 -2680 -248 ) (1720 -2680 -244 ) 
4 31 33 (1720 -3072 -248 ) (1608 -3072 -248 ) (1608 -2680 -248 ) (1720 -2680 -248 ) 
4 31 32 (1608 -2680 -248 ) (1608 -3072 -248 ) (1608 -3072 3584 ) (1608 -2680 3584 ) 
4 32 33 (1608 -3072 -248 ) (1536 -3072 -248 ) (1536 -2560 -248 ) (1608 -2560 -248 ) 
